<?xml version="1.0" encoding="UTF-8"?>
<!-- Generated by org.testng.reporters.JUnitReportReporter -->
<testsuite hostname="admins-MacBook-Pro.local" failures="0" tests="1" name="kineo.LmsProject.AppTest" time="9.899" errors="0" timestamp="2020-12-30T13:17:44 IST" skipped="0">
  <testcase classname="kineo.LmsProject.AppTest" name="fun1" time="9.899"/>
  <system-out/>
</testsuite> <!-- kineo.LmsProject.AppTest -->
